<?xml version="1.0" encoding="UTF-8" ?>
<testsuite errors="0" failures="0" hostname="msgoon6" name="funciones_20170823_114447.FDocenteTest" skipped="0" tests="2" time="0.197" timestamp="2017-08-23T16:47:50">
  <properties>
[...]
</properties>
  <testcase classname="funciones_20170823_114447.FDocenteTest" name="testobtener" time="0.132" />
  <testcase classname="funciones_20170823_114447.FDocenteTest" name="testinsertar" time="0.014" />
  <system-out><![CDATA[obtener
insertar
]]></system-out>
  <system-err><![CDATA[]]></system-err>
</testsuite>
